Temp/gradleOut/unityLibrary/build/intermediates/manifest_merge_blame_file/debug/manifest-merger-blame-debug-report.txt
1<?xml version="1.0" encoding="utf-8"?>
2<!-- GENERATED BY UNITY. REMOVE THIS COMMENT TO PREVENT OVERWRITING WHEN EXPORTING AGAIN -->
3<manifest xmlns:android="http://schemas.android.com/apk/res/android"
4    xmlns:tools="http://schemas.android.com/tools"
5    package="com.unity3d.player"
6    android:installLocation="auto"
7    android:versionCode="1"
8    android:versionName="1.0" >
9
10    <uses-sdk
11        android:minSdkVersion="23"
11-->src/main/AndroidManifest.xml
12        android:targetSdkVersion="29" />
12-->src/main/AndroidManifest.xml
13
14    <uses-feature android:glEsVersion="0x00020000" />
14-->src/main/AndroidManifest.xml:23:3-52
14-->src/main/AndroidManifest.xml:23:17-49
15
16    <uses-permission android:name="android.permission.INTERNET" />
16-->src/main/AndroidManifest.xml:24:3-65
16-->src/main/AndroidManifest.xml:24:20-62
17    <uses-permission android:name="android.permission.RECORD_AUDIO" />
17-->src/main/AndroidManifest.xml:25:3-69
17-->src/main/AndroidManifest.xml:25:20-66
18    <uses-permission android:name="android.permission.MODIFY_AUDIO_SETTINGS" />
18-->src/main/AndroidManifest.xml:26:3-78
18-->src/main/AndroidManifest.xml:26:20-75
19
20    <uses-feature
20-->src/main/AndroidManifest.xml:27:3-87
21        android:name="android.hardware.microphone"
21-->src/main/AndroidManifest.xml:27:17-59
22        android:required="false" />
22-->src/main/AndroidManifest.xml:27:60-84
23    <uses-feature
23-->src/main/AndroidManifest.xml:28:3-88
24        android:name="android.hardware.touchscreen"
24-->src/main/AndroidManifest.xml:28:17-60
25        android:required="false" />
25-->src/main/AndroidManifest.xml:28:61-85
26    <uses-feature
26-->src/main/AndroidManifest.xml:29:3-99
27        android:name="android.hardware.touchscreen.multitouch"
27-->src/main/AndroidManifest.xml:29:17-71
28        android:required="false" />
28-->src/main/AndroidManifest.xml:29:72-96
29    <uses-feature
29-->src/main/AndroidManifest.xml:30:3-108
30        android:name="android.hardware.touchscreen.multitouch.distinct"
30-->src/main/AndroidManifest.xml:30:17-80
31        android:required="false" />
31-->src/main/AndroidManifest.xml:30:81-105
32    <uses-feature
32-->src/main/AndroidManifest.xml:31:3-111
33        android:name="android.hardware.vr.headtracking"
33-->src/main/AndroidManifest.xml:31:17-64
34        android:required="true"
34-->src/main/AndroidManifest.xml:31:65-88
35        android:version="1" />
35-->src/main/AndroidManifest.xml:31:89-108
36
37    <application
37-->src/main/AndroidManifest.xml:4:3-22:17
38        android:allowBackup="false"
38-->src/main/AndroidManifest.xml:4:103-130
39        android:icon="@mipmap/app_icon"
39-->src/main/AndroidManifest.xml:4:71-102
40        android:isGame="true"
40-->src/main/AndroidManifest.xml:4:16-37
41        android:label="@string/app_name"
41-->src/main/AndroidManifest.xml:4:38-70
42        android:networkSecurityConfig="@xml/network_sec_config" >
42-->src/main/AndroidManifest.xml:4:131-186
43        <activity
43-->src/main/AndroidManifest.xml:5:5-14:16
44            android:name="com.unity3d.player.UnityPlayerActivity"
44-->src/main/AndroidManifest.xml:5:15-68
45            android:configChanges="keyboard|keyboardHidden|navigation|orientation|screenLayout|screenSize|uiMode"
45-->src/main/AndroidManifest.xml:5:204-305
46            android:hardwareAccelerated="false"
46-->src/main/AndroidManifest.xml:5:306-341
47            android:launchMode="singleTask"
47-->src/main/AndroidManifest.xml:5:172-203
48            android:screenOrientation="landscape"
48-->src/main/AndroidManifest.xml:5:134-171
49            android:theme="@android:style/Theme.Black.NoTitleBar.Fullscreen" >
49-->src/main/AndroidManifest.xml:5:69-133
50            <intent-filter>
50-->src/main/AndroidManifest.xml:6:7-10:23
51                <action android:name="android.intent.action.MAIN" />
51-->src/main/AndroidManifest.xml:7:9-61
51-->src/main/AndroidManifest.xml:7:17-58
52
53                <category android:name="com.oculus.intent.category.VR" />
53-->src/main/AndroidManifest.xml:8:9-66
53-->src/main/AndroidManifest.xml:8:19-63
54                <category android:name="android.intent.category.INFO" />
54-->src/main/AndroidManifest.xml:9:9-65
54-->src/main/AndroidManifest.xml:9:19-62
55            </intent-filter>
56
57            <meta-data
57-->src/main/AndroidManifest.xml:11:7-82
58                android:name="unityplayer.UnityActivity"
58-->src/main/AndroidManifest.xml:11:18-58
59                android:value="true" />
59-->src/main/AndroidManifest.xml:11:59-79
60            <meta-data
60-->src/main/AndroidManifest.xml:12:7-78
61                android:name="android.notch_support"
61-->src/main/AndroidManifest.xml:12:18-54
62                android:value="true" />
62-->src/main/AndroidManifest.xml:12:55-75
63            <meta-data
63-->src/main/AndroidManifest.xml:13:7-81
64                android:name="com.oculus.vr.focusaware"
64-->src/main/AndroidManifest.xml:13:18-57
65                android:value="true" />
65-->src/main/AndroidManifest.xml:13:58-78
66        </activity>
67
68        <meta-data
68-->src/main/AndroidManifest.xml:15:5-69
69            android:name="unity.splash-mode"
69-->src/main/AndroidManifest.xml:15:16-48
70            android:value="0" />
70-->src/main/AndroidManifest.xml:15:49-66
71        <meta-data
71-->src/main/AndroidManifest.xml:16:5-74
72            android:name="unity.splash-enable"
72-->src/main/AndroidManifest.xml:16:16-50
73            android:value="True" />
73-->src/main/AndroidManifest.xml:16:51-71
74        <meta-data
74-->src/main/AndroidManifest.xml:17:5-81
75            android:name="notch.config"
75-->src/main/AndroidManifest.xml:17:16-43
76            android:value="portrait|landscape" />
76-->src/main/AndroidManifest.xml:17:44-78
77        <meta-data
77-->src/main/AndroidManifest.xml:18:5-101
78            android:name="unity.build-id"
78-->src/main/AndroidManifest.xml:18:16-45
79            android:value="35a8d330-293c-4342-9033-026619aeb814" />
79-->src/main/AndroidManifest.xml:18:46-98
80        <meta-data
80-->src/main/AndroidManifest.xml:19:5-97
81            android:name="com.samsung.android.vr.application.mode"
81-->src/main/AndroidManifest.xml:19:16-70
82            android:value="vr_only" />
82-->src/main/AndroidManifest.xml:19:71-94
83        <meta-data
83-->src/main/AndroidManifest.xml:20:5-91
84            android:name="com.unity.xr.oculus.LowOverheadMode"
84-->src/main/AndroidManifest.xml:20:16-66
85            android:value="false" />
85-->src/main/AndroidManifest.xml:20:67-88
86        <meta-data
86-->src/main/AndroidManifest.xml:21:5-90
87            android:name="com.oculus.supportedDevices"
87-->src/main/AndroidManifest.xml:21:16-58
88            android:value="quest|delmar" />
88-->src/main/AndroidManifest.xml:21:59-87
89    </application>
90
91</manifest>